INFO -  Checking System Description Files
INFO -   System description checker passed for tpu-v5p-1024
INFO -   System description checker passed for tpu-v5p-2048
INFO -   System description checker passed for tpu-v5p-128
INFO -   System description checker passed for tpu-v5p-16
INFO - ------------------------------
INFO -  Running compliance checks in dir submissions/Google/results/cloud-tpu-v5p-128-maxdiffusion/stable_diffusion
INFO -  System cloud-tpu-v5p-128-maxdiffusion
INFO -  Benchmark stable_diffusion
INFO - ------------------------------
WARNING - Detected 11 total files in directory submissions/Google/results/cloud-tpu-v5p-128-maxdiffusion/stable_diffusion, but some do not conform to naming convention, should you rename them to result_*.txt ?
WARNING - Unknown files in result directory: submissions/Google/results/cloud-tpu-v5p-128-maxdiffusion/stable_diffusion
INFO - ------------------------------
INFO - Run 1/10
INFO - Running compliance on file: submissions/Google/results/cloud-tpu-v5p-128-maxdiffusion/stable_diffusion/result_0.txt
INFO -  Compliance checks: training_4.1.0/common.yaml
INFO -  Compliance checks: training_4.1.0/closed_common.yaml
INFO -  Compliance checks: training_4.1.0/closed_stable_diffusion.yaml
INFO - ------------------------------
INFO - Run 2/10
INFO - Running compliance on file: submissions/Google/results/cloud-tpu-v5p-128-maxdiffusion/stable_diffusion/result_1.txt
INFO -  Compliance checks: training_4.1.0/common.yaml
INFO -  Compliance checks: training_4.1.0/closed_common.yaml
INFO -  Compliance checks: training_4.1.0/closed_stable_diffusion.yaml
INFO - ------------------------------
INFO - Run 3/10
INFO - Running compliance on file: submissions/Google/results/cloud-tpu-v5p-128-maxdiffusion/stable_diffusion/result_2.txt
INFO -  Compliance checks: training_4.1.0/common.yaml
INFO -  Compliance checks: training_4.1.0/closed_common.yaml
INFO -  Compliance checks: training_4.1.0/closed_stable_diffusion.yaml
INFO - ------------------------------
INFO - Run 4/10
INFO - Running compliance on file: submissions/Google/results/cloud-tpu-v5p-128-maxdiffusion/stable_diffusion/result_3.txt
INFO -  Compliance checks: training_4.1.0/common.yaml
INFO -  Compliance checks: training_4.1.0/closed_common.yaml
INFO -  Compliance checks: training_4.1.0/closed_stable_diffusion.yaml
INFO - ------------------------------
INFO - Run 5/10
INFO - Running compliance on file: submissions/Google/results/cloud-tpu-v5p-128-maxdiffusion/stable_diffusion/result_4.txt
INFO -  Compliance checks: training_4.1.0/common.yaml
INFO -  Compliance checks: training_4.1.0/closed_common.yaml
INFO -  Compliance checks: training_4.1.0/closed_stable_diffusion.yaml
INFO - ------------------------------
INFO - Run 6/10
INFO - Running compliance on file: submissions/Google/results/cloud-tpu-v5p-128-maxdiffusion/stable_diffusion/result_5.txt
INFO -  Compliance checks: training_4.1.0/common.yaml
INFO -  Compliance checks: training_4.1.0/closed_common.yaml
INFO -  Compliance checks: training_4.1.0/closed_stable_diffusion.yaml
INFO - ------------------------------
INFO - Run 7/10
INFO - Running compliance on file: submissions/Google/results/cloud-tpu-v5p-128-maxdiffusion/stable_diffusion/result_6.txt
INFO -  Compliance checks: training_4.1.0/common.yaml
INFO -  Compliance checks: training_4.1.0/closed_common.yaml
INFO -  Compliance checks: training_4.1.0/closed_stable_diffusion.yaml
INFO - ------------------------------
INFO - Run 8/10
INFO - Running compliance on file: submissions/Google/results/cloud-tpu-v5p-128-maxdiffusion/stable_diffusion/result_7.txt
INFO -  Compliance checks: training_4.1.0/common.yaml
INFO -  Compliance checks: training_4.1.0/closed_common.yaml
INFO -  Compliance checks: training_4.1.0/closed_stable_diffusion.yaml
INFO - ------------------------------
INFO - Run 9/10
INFO - Running compliance on file: submissions/Google/results/cloud-tpu-v5p-128-maxdiffusion/stable_diffusion/result_8.txt
INFO -  Compliance checks: training_4.1.0/common.yaml
INFO -  Compliance checks: training_4.1.0/closed_common.yaml
INFO -  Compliance checks: training_4.1.0/closed_stable_diffusion.yaml
INFO - ------------------------------
INFO - Run 10/10
INFO - Running compliance on file: submissions/Google/results/cloud-tpu-v5p-128-maxdiffusion/stable_diffusion/result_9.txt
INFO -  Compliance checks: training_4.1.0/common.yaml
INFO -  Compliance checks: training_4.1.0/closed_common.yaml
INFO -  Compliance checks: training_4.1.0/closed_stable_diffusion.yaml
INFO - ------------------------------
INFO -  Running Seed Checker
INFO - ------------------------------
INFO -  Running RCP Checker, pass: pruned_rcps
INFO - ------------------------------
INFO -  RCP Record: {'Benchmark': 'stable_diffusion', 'BS': 1024, 'Hyperparams': {'opt_adamw_beta_1': 0.9, 'opt_adamw_beta_2': 0.999, 'opt_adamw_epsilon': 1e-08, 'opt_adamw_weight_decay': 0.01, 'opt_base_learning_rate': 1.25e-07, 'opt_learning_rate_warmup_steps': 1000}, 'Epochs to converge': [2560000, 2560000, 2560000, 2560000, 2560000, 2560000, 3072000, 3072000, 3072000, 3072000, 3072000, 3072000, 3072000], 'RCP Mean': np.float64(2839272.727272727), 'RCP Stdev': np.float64(255241.4798142173), 'Max Speedup': np.float64(1.07836000550986), 'Min Epochs': np.float64(2632954.4055468645)}
INFO -  Submission mean epochs: 2688000.0000
INFO -  Submission mean epochs faster than RCP mean but within max speedup range. Score should be normalized by factor of 2839272.727272727 / 2688000.0 = 1.0562770562770563
INFO -  Results scaling set to normalization factor of 1.0563
INFO - RCP Test Passed: RCP found
INFO - ------------------------------
INFO - ------------------------------
INFO -  Running compliance checks in dir submissions/Google/results/cloud-tpu-v5p-16-maxdiffusion/stable_diffusion
INFO -  System cloud-tpu-v5p-16-maxdiffusion
INFO -  Benchmark stable_diffusion
INFO - ------------------------------
WARNING - Detected 11 total files in directory submissions/Google/results/cloud-tpu-v5p-16-maxdiffusion/stable_diffusion, but some do not conform to naming convention, should you rename them to result_*.txt ?
WARNING - Unknown files in result directory: submissions/Google/results/cloud-tpu-v5p-16-maxdiffusion/stable_diffusion
INFO - ------------------------------
INFO - Run 1/10
INFO - Running compliance on file: submissions/Google/results/cloud-tpu-v5p-16-maxdiffusion/stable_diffusion/result_0.txt
INFO -  Compliance checks: training_4.1.0/common.yaml
INFO -  Compliance checks: training_4.1.0/closed_common.yaml
INFO -  Compliance checks: training_4.1.0/closed_stable_diffusion.yaml
INFO - ------------------------------
INFO - Run 2/10
INFO - Running compliance on file: submissions/Google/results/cloud-tpu-v5p-16-maxdiffusion/stable_diffusion/result_1.txt
INFO -  Compliance checks: training_4.1.0/common.yaml
INFO -  Compliance checks: training_4.1.0/closed_common.yaml
INFO -  Compliance checks: training_4.1.0/closed_stable_diffusion.yaml
INFO - ------------------------------
INFO - Run 3/10
INFO - Running compliance on file: submissions/Google/results/cloud-tpu-v5p-16-maxdiffusion/stable_diffusion/result_2.txt
INFO -  Compliance checks: training_4.1.0/common.yaml
INFO -  Compliance checks: training_4.1.0/closed_common.yaml
INFO -  Compliance checks: training_4.1.0/closed_stable_diffusion.yaml
INFO - ------------------------------
INFO - Run 4/10
INFO - Running compliance on file: submissions/Google/results/cloud-tpu-v5p-16-maxdiffusion/stable_diffusion/result_3.txt
INFO -  Compliance checks: training_4.1.0/common.yaml
INFO -  Compliance checks: training_4.1.0/closed_common.yaml
INFO -  Compliance checks: training_4.1.0/closed_stable_diffusion.yaml
INFO - ------------------------------
INFO - Run 5/10
INFO - Running compliance on file: submissions/Google/results/cloud-tpu-v5p-16-maxdiffusion/stable_diffusion/result_4.txt
INFO -  Compliance checks: training_4.1.0/common.yaml
INFO -  Compliance checks: training_4.1.0/closed_common.yaml
INFO -  Compliance checks: training_4.1.0/closed_stable_diffusion.yaml
INFO - ------------------------------
INFO - Run 6/10
INFO - Running compliance on file: submissions/Google/results/cloud-tpu-v5p-16-maxdiffusion/stable_diffusion/result_5.txt
INFO -  Compliance checks: training_4.1.0/common.yaml
INFO -  Compliance checks: training_4.1.0/closed_common.yaml
INFO -  Compliance checks: training_4.1.0/closed_stable_diffusion.yaml
INFO - ------------------------------
INFO - Run 7/10
INFO - Running compliance on file: submissions/Google/results/cloud-tpu-v5p-16-maxdiffusion/stable_diffusion/result_6.txt
INFO -  Compliance checks: training_4.1.0/common.yaml
INFO -  Compliance checks: training_4.1.0/closed_common.yaml
INFO -  Compliance checks: training_4.1.0/closed_stable_diffusion.yaml
INFO - ------------------------------
INFO - Run 8/10
INFO - Running compliance on file: submissions/Google/results/cloud-tpu-v5p-16-maxdiffusion/stable_diffusion/result_7.txt
INFO -  Compliance checks: training_4.1.0/common.yaml
INFO -  Compliance checks: training_4.1.0/closed_common.yaml
INFO -  Compliance checks: training_4.1.0/closed_stable_diffusion.yaml
INFO - ------------------------------
INFO - Run 9/10
INFO - Running compliance on file: submissions/Google/results/cloud-tpu-v5p-16-maxdiffusion/stable_diffusion/result_8.txt
INFO -  Compliance checks: training_4.1.0/common.yaml
INFO -  Compliance checks: training_4.1.0/closed_common.yaml
INFO -  Compliance checks: training_4.1.0/closed_stable_diffusion.yaml
INFO - ------------------------------
INFO - Run 10/10
INFO - Running compliance on file: submissions/Google/results/cloud-tpu-v5p-16-maxdiffusion/stable_diffusion/result_9.txt
INFO -  Compliance checks: training_4.1.0/common.yaml
INFO -  Compliance checks: training_4.1.0/closed_common.yaml
INFO -  Compliance checks: training_4.1.0/closed_stable_diffusion.yaml
INFO - ------------------------------
INFO -  Running Seed Checker
INFO - ------------------------------
INFO -  Running RCP Checker, pass: pruned_rcps
INFO - ------------------------------
INFO -  RCP Record: {'Benchmark': 'stable_diffusion', 'BS': 512, 'Hyperparams': {'opt_adamw_beta_1': 0.9, 'opt_adamw_beta_2': 0.999, 'opt_adamw_epsilon': 1e-08, 'opt_adamw_weight_decay': 0.01, 'opt_base_learning_rate': 1.25e-07, 'opt_learning_rate_warmup_steps': 1000}, 'Epochs to converge': [2560000, 2560000, 2560000, 2560000, 2560000, 2560000, 2560000, 2560000, 2560000, 2560000, 2560000, 2560000, 2560000, 3072000], 'RCP Mean': np.float64(2560000.0), 'RCP Stdev': np.float64(131860.16093125448), 'Max Speedup': np.float64(1.0425005279233215), 'Min Epochs': np.float64(2455634.248070419)}
INFO -  Submission mean epochs: 2496000.0000
INFO -  Submission mean epochs faster than RCP mean but within max speedup range. Score should be normalized by factor of 2560000.0 / 2496000.0 = 1.0256410256410255
INFO -  Results scaling set to normalization factor of 1.0256
INFO - RCP Test Passed: RCP found
INFO - ------------------------------
INFO - ------------------------------
INFO -  Running compliance checks in dir submissions/Google/results/cloud-tpu-v5p-1024-maxdiffusion/stable_diffusion
INFO -  System cloud-tpu-v5p-1024-maxdiffusion
INFO -  Benchmark stable_diffusion
INFO - ------------------------------
WARNING - Detected 11 total files in directory submissions/Google/results/cloud-tpu-v5p-1024-maxdiffusion/stable_diffusion, but some do not conform to naming convention, should you rename them to result_*.txt ?
WARNING - Unknown files in result directory: submissions/Google/results/cloud-tpu-v5p-1024-maxdiffusion/stable_diffusion
INFO - ------------------------------
INFO - Run 1/10
INFO - Running compliance on file: submissions/Google/results/cloud-tpu-v5p-1024-maxdiffusion/stable_diffusion/result_0.txt
INFO -  Compliance checks: training_4.1.0/common.yaml
INFO -  Compliance checks: training_4.1.0/closed_common.yaml
INFO -  Compliance checks: training_4.1.0/closed_stable_diffusion.yaml
INFO - ------------------------------
INFO - Run 2/10
INFO - Running compliance on file: submissions/Google/results/cloud-tpu-v5p-1024-maxdiffusion/stable_diffusion/result_1.txt
INFO -  Compliance checks: training_4.1.0/common.yaml
INFO -  Compliance checks: training_4.1.0/closed_common.yaml
INFO -  Compliance checks: training_4.1.0/closed_stable_diffusion.yaml
INFO - ------------------------------
INFO - Run 3/10
INFO - Running compliance on file: submissions/Google/results/cloud-tpu-v5p-1024-maxdiffusion/stable_diffusion/result_2.txt
INFO -  Compliance checks: training_4.1.0/common.yaml
INFO -  Compliance checks: training_4.1.0/closed_common.yaml
INFO -  Compliance checks: training_4.1.0/closed_stable_diffusion.yaml
INFO - ------------------------------
INFO - Run 4/10
INFO - Running compliance on file: submissions/Google/results/cloud-tpu-v5p-1024-maxdiffusion/stable_diffusion/result_3.txt
INFO -  Compliance checks: training_4.1.0/common.yaml
INFO -  Compliance checks: training_4.1.0/closed_common.yaml
INFO -  Compliance checks: training_4.1.0/closed_stable_diffusion.yaml
INFO - ------------------------------
INFO - Run 5/10
INFO - Running compliance on file: submissions/Google/results/cloud-tpu-v5p-1024-maxdiffusion/stable_diffusion/result_4.txt
INFO -  Compliance checks: training_4.1.0/common.yaml
INFO -  Compliance checks: training_4.1.0/closed_common.yaml
INFO -  Compliance checks: training_4.1.0/closed_stable_diffusion.yaml
INFO - ------------------------------
INFO - Run 6/10
INFO - Running compliance on file: submissions/Google/results/cloud-tpu-v5p-1024-maxdiffusion/stable_diffusion/result_5.txt
INFO -  Compliance checks: training_4.1.0/common.yaml
INFO -  Compliance checks: training_4.1.0/closed_common.yaml
INFO -  Compliance checks: training_4.1.0/closed_stable_diffusion.yaml
INFO - ------------------------------
INFO - Run 7/10
INFO - Running compliance on file: submissions/Google/results/cloud-tpu-v5p-1024-maxdiffusion/stable_diffusion/result_6.txt
INFO -  Compliance checks: training_4.1.0/common.yaml
INFO -  Compliance checks: training_4.1.0/closed_common.yaml
INFO -  Compliance checks: training_4.1.0/closed_stable_diffusion.yaml
INFO - ------------------------------
INFO - Run 8/10
INFO - Running compliance on file: submissions/Google/results/cloud-tpu-v5p-1024-maxdiffusion/stable_diffusion/result_7.txt
INFO -  Compliance checks: training_4.1.0/common.yaml
INFO -  Compliance checks: training_4.1.0/closed_common.yaml
INFO -  Compliance checks: training_4.1.0/closed_stable_diffusion.yaml
INFO - ------------------------------
INFO - Run 9/10
INFO - Running compliance on file: submissions/Google/results/cloud-tpu-v5p-1024-maxdiffusion/stable_diffusion/result_8.txt
INFO -  Compliance checks: training_4.1.0/common.yaml
INFO -  Compliance checks: training_4.1.0/closed_common.yaml
INFO -  Compliance checks: training_4.1.0/closed_stable_diffusion.yaml
INFO - ------------------------------
INFO - Run 10/10
INFO - Running compliance on file: submissions/Google/results/cloud-tpu-v5p-1024-maxdiffusion/stable_diffusion/result_9.txt
INFO -  Compliance checks: training_4.1.0/common.yaml
INFO -  Compliance checks: training_4.1.0/closed_common.yaml
INFO -  Compliance checks: training_4.1.0/closed_stable_diffusion.yaml
INFO - ------------------------------
INFO -  Running Seed Checker
INFO - ------------------------------
INFO -  Running RCP Checker, pass: pruned_rcps
INFO - ------------------------------
INFO -  RCP Record: {'Benchmark': 'stable_diffusion', 'BS': 1024, 'Hyperparams': {'opt_adamw_beta_1': 0.9, 'opt_adamw_beta_2': 0.999, 'opt_adamw_epsilon': 1e-08, 'opt_adamw_weight_decay': 0.01, 'opt_base_learning_rate': 1.25e-07, 'opt_learning_rate_warmup_steps': 1000}, 'Epochs to converge': [2560000, 2560000, 2560000, 2560000, 2560000, 2560000, 3072000, 3072000, 3072000, 3072000, 3072000, 3072000, 3072000], 'RCP Mean': np.float64(2839272.727272727), 'RCP Stdev': np.float64(255241.4798142173), 'Max Speedup': np.float64(1.07836000550986), 'Min Epochs': np.float64(2632954.4055468645)}
INFO -  Submission mean epochs: 2688000.0000
INFO -  Submission mean epochs faster than RCP mean but within max speedup range. Score should be normalized by factor of 2839272.727272727 / 2688000.0 = 1.0562770562770563
INFO -  Results scaling set to normalization factor of 1.0563
INFO - RCP Test Passed: RCP found
INFO - ------------------------------
INFO - ------------------------------
INFO -  Running compliance checks in dir submissions/Google/results/cloud-tpu-v5p-2048-maxdiffusion/stable_diffusion
INFO -  System cloud-tpu-v5p-2048-maxdiffusion
INFO -  Benchmark stable_diffusion
INFO - ------------------------------
INFO - ------------------------------
INFO - Run 1/10
INFO - Running compliance on file: submissions/Google/results/cloud-tpu-v5p-2048-maxdiffusion/stable_diffusion/result_0.txt
INFO -  Compliance checks: training_4.1.0/common.yaml
INFO -  Compliance checks: training_4.1.0/closed_common.yaml
INFO -  Compliance checks: training_4.1.0/closed_stable_diffusion.yaml
INFO - ------------------------------
INFO - Run 2/10
INFO - Running compliance on file: submissions/Google/results/cloud-tpu-v5p-2048-maxdiffusion/stable_diffusion/result_1.txt
INFO -  Compliance checks: training_4.1.0/common.yaml
INFO -  Compliance checks: training_4.1.0/closed_common.yaml
INFO -  Compliance checks: training_4.1.0/closed_stable_diffusion.yaml
INFO - ------------------------------
INFO - Run 3/10
INFO - Running compliance on file: submissions/Google/results/cloud-tpu-v5p-2048-maxdiffusion/stable_diffusion/result_2.txt
INFO -  Compliance checks: training_4.1.0/common.yaml
INFO -  Compliance checks: training_4.1.0/closed_common.yaml
INFO -  Compliance checks: training_4.1.0/closed_stable_diffusion.yaml
INFO - ------------------------------
INFO - Run 4/10
INFO - Running compliance on file: submissions/Google/results/cloud-tpu-v5p-2048-maxdiffusion/stable_diffusion/result_3.txt
INFO -  Compliance checks: training_4.1.0/common.yaml
INFO -  Compliance checks: training_4.1.0/closed_common.yaml
INFO -  Compliance checks: training_4.1.0/closed_stable_diffusion.yaml
INFO - ------------------------------
INFO - Run 5/10
INFO - Running compliance on file: submissions/Google/results/cloud-tpu-v5p-2048-maxdiffusion/stable_diffusion/result_4.txt
INFO -  Compliance checks: training_4.1.0/common.yaml
INFO -  Compliance checks: training_4.1.0/closed_common.yaml
INFO -  Compliance checks: training_4.1.0/closed_stable_diffusion.yaml
INFO - ------------------------------
INFO - Run 6/10
INFO - Running compliance on file: submissions/Google/results/cloud-tpu-v5p-2048-maxdiffusion/stable_diffusion/result_5.txt
INFO -  Compliance checks: training_4.1.0/common.yaml
INFO -  Compliance checks: training_4.1.0/closed_common.yaml
INFO -  Compliance checks: training_4.1.0/closed_stable_diffusion.yaml
INFO - ------------------------------
INFO - Run 7/10
INFO - Running compliance on file: submissions/Google/results/cloud-tpu-v5p-2048-maxdiffusion/stable_diffusion/result_6.txt
INFO -  Compliance checks: training_4.1.0/common.yaml
INFO -  Compliance checks: training_4.1.0/closed_common.yaml
INFO -  Compliance checks: training_4.1.0/closed_stable_diffusion.yaml
INFO - ------------------------------
INFO - Run 8/10
INFO - Running compliance on file: submissions/Google/results/cloud-tpu-v5p-2048-maxdiffusion/stable_diffusion/result_7.txt
INFO -  Compliance checks: training_4.1.0/common.yaml
INFO -  Compliance checks: training_4.1.0/closed_common.yaml
INFO -  Compliance checks: training_4.1.0/closed_stable_diffusion.yaml
INFO - ------------------------------
INFO - Run 9/10
INFO - Running compliance on file: submissions/Google/results/cloud-tpu-v5p-2048-maxdiffusion/stable_diffusion/result_8.txt
INFO -  Compliance checks: training_4.1.0/common.yaml
INFO -  Compliance checks: training_4.1.0/closed_common.yaml
INFO -  Compliance checks: training_4.1.0/closed_stable_diffusion.yaml
INFO - ------------------------------
INFO - Run 10/10
INFO - Running compliance on file: submissions/Google/results/cloud-tpu-v5p-2048-maxdiffusion/stable_diffusion/result_9.txt
INFO -  Compliance checks: training_4.1.0/common.yaml
INFO -  Compliance checks: training_4.1.0/closed_common.yaml
INFO -  Compliance checks: training_4.1.0/closed_stable_diffusion.yaml
INFO - ------------------------------
INFO -  Running Seed Checker
INFO - ------------------------------
INFO -  Running RCP Checker, pass: pruned_rcps
INFO - ------------------------------
INFO -  RCP Record: {'Benchmark': 'stable_diffusion', 'BS': 2048, 'Hyperparams': {'opt_adamw_beta_1': 0.9, 'opt_adamw_beta_2': 0.999, 'opt_adamw_epsilon': 1e-08, 'opt_adamw_weight_decay': 0.01, 'opt_base_learning_rate': 1.25e-07, 'opt_learning_rate_warmup_steps': 1000}, 'Epochs to converge': [3584000, 3584000, 3584000, 3584000, 4096000, 4096000, 4096000, 4096000, 4096000, 4096000, 4096000, 4608000, 4608000], 'RCP Mean': np.float64(4002909.090909091), 'RCP Stdev': np.float64(338799.27205583267), 'Max Speedup': np.float64(1.0734397078242082), 'Min Epochs': np.float64(3729048.8340725955)}
INFO -  Submission mean epochs: 4096000.0000
INFO - RCP Test Passed: RCP found
INFO - ------------------------------
INFO - ------------------------------
INFO - PACKAGE CHECKER FOUND NO ERRORS, SUCCESS !
INFO - ------------------------------
