INFO -  Checking System Description Files
INFO -   System description checker passed for GIGABYTE G593-ZD1
INFO -   System description checker passed for GIGABYTE G593-ZD1
INFO -   System description checker passed for GIGABYTE G593-ZD1
INFO - ------------------------------
INFO -  Running compliance checks in dir /data/training_v4.1/GigaComputing/results/G593-ZD1_pytorch/ssd
INFO -  System G593-ZD1_pytorch
INFO -  Benchmark ssd
INFO - ------------------------------
INFO - ------------------------------
INFO - Run 1/5
INFO - Running compliance on file: /data/training_v4.1/GigaComputing/results/G593-ZD1_pytorch/ssd/result_0.txt
INFO -  Compliance checks: training_4.1.0/common.yaml
INFO -  Compliance checks: training_4.1.0/closed_common.yaml
INFO -  Compliance checks: training_4.1.0/closed_ssd.yaml
INFO - ------------------------------
INFO - Run 2/5
INFO - Running compliance on file: /data/training_v4.1/GigaComputing/results/G593-ZD1_pytorch/ssd/result_1.txt
INFO -  Compliance checks: training_4.1.0/common.yaml
INFO -  Compliance checks: training_4.1.0/closed_common.yaml
INFO -  Compliance checks: training_4.1.0/closed_ssd.yaml
INFO - ------------------------------
INFO - Run 3/5
INFO - Running compliance on file: /data/training_v4.1/GigaComputing/results/G593-ZD1_pytorch/ssd/result_2.txt
INFO -  Compliance checks: training_4.1.0/common.yaml
INFO -  Compliance checks: training_4.1.0/closed_common.yaml
INFO -  Compliance checks: training_4.1.0/closed_ssd.yaml
INFO - ------------------------------
INFO - Run 4/5
INFO - Running compliance on file: /data/training_v4.1/GigaComputing/results/G593-ZD1_pytorch/ssd/result_3.txt
INFO -  Compliance checks: training_4.1.0/common.yaml
INFO -  Compliance checks: training_4.1.0/closed_common.yaml
INFO -  Compliance checks: training_4.1.0/closed_ssd.yaml
INFO - ------------------------------
INFO - Run 5/5
INFO - Running compliance on file: /data/training_v4.1/GigaComputing/results/G593-ZD1_pytorch/ssd/result_4.txt
INFO -  Compliance checks: training_4.1.0/common.yaml
INFO -  Compliance checks: training_4.1.0/closed_common.yaml
INFO -  Compliance checks: training_4.1.0/closed_ssd.yaml
INFO - ------------------------------
INFO -  Running Seed Checker
INFO - ------------------------------
INFO -  Running RCP Checker, pass: pruned_rcps
INFO - ------------------------------
INFO -  RCP Record: {'Benchmark': 'ssd', 'BS': 256, 'Hyperparams': {'opt_base_learning_rate': 0.0001, 'opt_learning_rate_warmup_factor': 0.001, 'opt_learning_rate_warmup_epochs': 1, 'opt_weight_decay': 0}, 'Epochs to converge': [4, 4, 4, 4, 4, 4, 4, 4, 4, 4, 4, 4, 4, 4, 4, 4, 4, 4, 4, 4], 'RCP Mean': 4.0, 'RCP Stdev': 0.0, 'Max Speedup': 1.0, 'Min Epochs': 4.0}
INFO -  Submission mean epochs: 4.0000
INFO - RCP Test Passed: RCP found
INFO - ------------------------------
INFO - ------------------------------
INFO -  Running compliance checks in dir /data/training_v4.1/GigaComputing/results/G593-ZD1_pytorch/llama2_70b_lora
INFO -  System G593-ZD1_pytorch
INFO -  Benchmark llama2_70b_lora
INFO - ------------------------------
INFO - ------------------------------
INFO - Run 1/10
INFO - Running compliance on file: /data/training_v4.1/GigaComputing/results/G593-ZD1_pytorch/llama2_70b_lora/result_0.txt
INFO -  Compliance checks: training_4.1.0/common.yaml
INFO -  Compliance checks: training_4.1.0/closed_common.yaml
INFO -  Compliance checks: training_4.1.0/closed_llama2_70b_lora.yaml
INFO - ------------------------------
INFO - Run 2/10
INFO - Running compliance on file: /data/training_v4.1/GigaComputing/results/G593-ZD1_pytorch/llama2_70b_lora/result_1.txt
INFO -  Compliance checks: training_4.1.0/common.yaml
INFO -  Compliance checks: training_4.1.0/closed_common.yaml
INFO -  Compliance checks: training_4.1.0/closed_llama2_70b_lora.yaml
INFO - ------------------------------
INFO - Run 3/10
INFO - Running compliance on file: /data/training_v4.1/GigaComputing/results/G593-ZD1_pytorch/llama2_70b_lora/result_2.txt
INFO -  Compliance checks: training_4.1.0/common.yaml
INFO -  Compliance checks: training_4.1.0/closed_common.yaml
INFO -  Compliance checks: training_4.1.0/closed_llama2_70b_lora.yaml
INFO - ------------------------------
INFO - Run 4/10
INFO - Running compliance on file: /data/training_v4.1/GigaComputing/results/G593-ZD1_pytorch/llama2_70b_lora/result_3.txt
INFO -  Compliance checks: training_4.1.0/common.yaml
INFO -  Compliance checks: training_4.1.0/closed_common.yaml
INFO -  Compliance checks: training_4.1.0/closed_llama2_70b_lora.yaml
INFO - ------------------------------
INFO - Run 5/10
INFO - Running compliance on file: /data/training_v4.1/GigaComputing/results/G593-ZD1_pytorch/llama2_70b_lora/result_4.txt
INFO -  Compliance checks: training_4.1.0/common.yaml
INFO -  Compliance checks: training_4.1.0/closed_common.yaml
INFO -  Compliance checks: training_4.1.0/closed_llama2_70b_lora.yaml
INFO - ------------------------------
INFO - Run 6/10
INFO - Running compliance on file: /data/training_v4.1/GigaComputing/results/G593-ZD1_pytorch/llama2_70b_lora/result_5.txt
INFO -  Compliance checks: training_4.1.0/common.yaml
INFO -  Compliance checks: training_4.1.0/closed_common.yaml
INFO -  Compliance checks: training_4.1.0/closed_llama2_70b_lora.yaml
INFO - ------------------------------
INFO - Run 7/10
INFO - Running compliance on file: /data/training_v4.1/GigaComputing/results/G593-ZD1_pytorch/llama2_70b_lora/result_6.txt
INFO -  Compliance checks: training_4.1.0/common.yaml
INFO -  Compliance checks: training_4.1.0/closed_common.yaml
INFO -  Compliance checks: training_4.1.0/closed_llama2_70b_lora.yaml
INFO - ------------------------------
INFO - Run 8/10
INFO - Running compliance on file: /data/training_v4.1/GigaComputing/results/G593-ZD1_pytorch/llama2_70b_lora/result_7.txt
INFO -  Compliance checks: training_4.1.0/common.yaml
INFO -  Compliance checks: training_4.1.0/closed_common.yaml
INFO -  Compliance checks: training_4.1.0/closed_llama2_70b_lora.yaml
INFO - ------------------------------
INFO - Run 9/10
INFO - Running compliance on file: /data/training_v4.1/GigaComputing/results/G593-ZD1_pytorch/llama2_70b_lora/result_8.txt
INFO -  Compliance checks: training_4.1.0/common.yaml
INFO -  Compliance checks: training_4.1.0/closed_common.yaml
INFO -  Compliance checks: training_4.1.0/closed_llama2_70b_lora.yaml
INFO - ------------------------------
INFO - Run 10/10
INFO - Running compliance on file: /data/training_v4.1/GigaComputing/results/G593-ZD1_pytorch/llama2_70b_lora/result_9.txt
INFO -  Compliance checks: training_4.1.0/common.yaml
INFO -  Compliance checks: training_4.1.0/closed_common.yaml
INFO -  Compliance checks: training_4.1.0/closed_llama2_70b_lora.yaml
INFO - ------------------------------
INFO -  Running Seed Checker
INFO - ------------------------------
INFO -  Running RCP Checker, pass: pruned_rcps
INFO - ------------------------------
INFO -  RCP Record: {'Benchmark': 'llama2_70b_lora', 'BS': 8, 'Hyperparams': {'opt_base_learning_rate': 0.0004, 'opt_max_grad_norm': 0.3, 'opt_learning_rate_warmup_epochs': 0, 'opt_learning_rate_decay_boundary_epochs': [], 'gradient_accumulation_steps': 1, 'lora_r': 16, 'lora_alpha': 32, 'max_steps': 1024}, 'Epochs to converge': [2688, 2688, 2688, 3072, 3072, 3072, 3072, 3072, 3072, 3072, 3072, 3072, 3456, 3456, 3456, 3456, 3456, 3456, 3456, 3840], 'RCP Mean': 3178.6666666666665, 'RCP Stdev': 299.91358755481554, 'Max Speedup': 1.0736439248523562, 'Min Epochs': 2960.6339616775513}
INFO -  Submission mean epochs: 3216.0000
INFO - RCP Test Passed: RCP found
INFO - ------------------------------
INFO - ------------------------------
INFO -  Running compliance checks in dir /data/training_v4.1/GigaComputing/results/G593-ZD1_pytorch/stable_diffusion
INFO -  System G593-ZD1_pytorch
INFO -  Benchmark stable_diffusion
INFO - ------------------------------
WARNING - Unknown files in result directory: /data/training_v4.1/GigaComputing/results/G593-ZD1_pytorch/stable_diffusion
INFO - ------------------------------
INFO - Run 1/10
INFO - Running compliance on file: /data/training_v4.1/GigaComputing/results/G593-ZD1_pytorch/stable_diffusion/result_0.txt
INFO -  Compliance checks: training_4.1.0/common.yaml
INFO -  Compliance checks: training_4.1.0/closed_common.yaml
INFO -  Compliance checks: training_4.1.0/closed_stable_diffusion.yaml
INFO - ------------------------------
INFO - Run 2/10
INFO - Running compliance on file: /data/training_v4.1/GigaComputing/results/G593-ZD1_pytorch/stable_diffusion/result_1.txt
INFO -  Compliance checks: training_4.1.0/common.yaml
INFO -  Compliance checks: training_4.1.0/closed_common.yaml
INFO -  Compliance checks: training_4.1.0/closed_stable_diffusion.yaml
INFO - ------------------------------
INFO - Run 3/10
INFO - Running compliance on file: /data/training_v4.1/GigaComputing/results/G593-ZD1_pytorch/stable_diffusion/result_2.txt
INFO -  Compliance checks: training_4.1.0/common.yaml
INFO -  Compliance checks: training_4.1.0/closed_common.yaml
INFO -  Compliance checks: training_4.1.0/closed_stable_diffusion.yaml
INFO - ------------------------------
INFO - Run 4/10
INFO - Running compliance on file: /data/training_v4.1/GigaComputing/results/G593-ZD1_pytorch/stable_diffusion/result_3.txt
INFO -  Compliance checks: training_4.1.0/common.yaml
INFO -  Compliance checks: training_4.1.0/closed_common.yaml
INFO -  Compliance checks: training_4.1.0/closed_stable_diffusion.yaml
INFO - ------------------------------
INFO - Run 5/10
INFO - Running compliance on file: /data/training_v4.1/GigaComputing/results/G593-ZD1_pytorch/stable_diffusion/result_4.txt
INFO -  Compliance checks: training_4.1.0/common.yaml
INFO -  Compliance checks: training_4.1.0/closed_common.yaml
INFO -  Compliance checks: training_4.1.0/closed_stable_diffusion.yaml
INFO - ------------------------------
INFO - Run 6/10
INFO - Running compliance on file: /data/training_v4.1/GigaComputing/results/G593-ZD1_pytorch/stable_diffusion/result_5.txt
INFO -  Compliance checks: training_4.1.0/common.yaml
INFO -  Compliance checks: training_4.1.0/closed_common.yaml
INFO -  Compliance checks: training_4.1.0/closed_stable_diffusion.yaml
INFO - ------------------------------
INFO - Run 7/10
INFO - Running compliance on file: /data/training_v4.1/GigaComputing/results/G593-ZD1_pytorch/stable_diffusion/result_6.txt
INFO -  Compliance checks: training_4.1.0/common.yaml
INFO -  Compliance checks: training_4.1.0/closed_common.yaml
INFO -  Compliance checks: training_4.1.0/closed_stable_diffusion.yaml
INFO - ------------------------------
INFO - Run 8/10
INFO - Running compliance on file: /data/training_v4.1/GigaComputing/results/G593-ZD1_pytorch/stable_diffusion/result_7.txt
INFO -  Compliance checks: training_4.1.0/common.yaml
INFO -  Compliance checks: training_4.1.0/closed_common.yaml
INFO -  Compliance checks: training_4.1.0/closed_stable_diffusion.yaml
INFO - ------------------------------
INFO - Run 9/10
INFO - Running compliance on file: /data/training_v4.1/GigaComputing/results/G593-ZD1_pytorch/stable_diffusion/result_8.txt
INFO -  Compliance checks: training_4.1.0/common.yaml
INFO -  Compliance checks: training_4.1.0/closed_common.yaml
INFO -  Compliance checks: training_4.1.0/closed_stable_diffusion.yaml
INFO - ------------------------------
INFO - Run 10/10
INFO - Running compliance on file: /data/training_v4.1/GigaComputing/results/G593-ZD1_pytorch/stable_diffusion/result_9.txt
INFO -  Compliance checks: training_4.1.0/common.yaml
INFO -  Compliance checks: training_4.1.0/closed_common.yaml
INFO -  Compliance checks: training_4.1.0/closed_stable_diffusion.yaml
INFO - ------------------------------
INFO -  Running Seed Checker
INFO - ------------------------------
INFO -  Running RCP Checker, pass: pruned_rcps
INFO - ------------------------------
INFO -  RCP Record: {'Benchmark': 'stable_diffusion', 'BS': 512, 'Hyperparams': {'opt_adamw_beta_1': 0.9, 'opt_adamw_beta_2': 0.999, 'opt_adamw_epsilon': 1e-08, 'opt_adamw_weight_decay': 0.01, 'opt_base_learning_rate': 1.25e-07, 'opt_learning_rate_warmup_steps': 1000}, 'Epochs to converge': [2560000, 2560000, 2560000, 2560000, 2560000, 2560000, 2560000, 2560000, 2560000, 2560000, 2560000, 2560000, 2560000, 3072000], 'RCP Mean': 2560000.0, 'RCP Stdev': 131860.16093125448, 'Max Speedup': 1.0425005279233215, 'Min Epochs': 2455634.248070419}
INFO -  Submission mean epochs: 2048000.0000
WARNING -  RCP test failed but allowed to proceed with RCP bypass.
WARNING -  Please be ready to have this reviewed by the submission committee.
INFO - RCP Test Passed: Missing RCP, please submit RCP with BS = 256 passed using rcp_bypass
INFO - ------------------------------
INFO - ------------------------------
INFO -  Running compliance checks in dir /data/training_v4.1/GigaComputing/results/G593-ZD1_pytorch/bert
INFO -  System G593-ZD1_pytorch
INFO -  Benchmark bert
INFO - ------------------------------
INFO - ------------------------------
INFO - Run 1/10
INFO - Running compliance on file: /data/training_v4.1/GigaComputing/results/G593-ZD1_pytorch/bert/result_0.txt
INFO -  Compliance checks: training_4.1.0/common.yaml
INFO -  Compliance checks: training_4.1.0/closed_common.yaml
INFO -  Compliance checks: training_4.1.0/closed_bert.yaml
INFO - ------------------------------
INFO - Run 2/10
INFO - Running compliance on file: /data/training_v4.1/GigaComputing/results/G593-ZD1_pytorch/bert/result_1.txt
INFO -  Compliance checks: training_4.1.0/common.yaml
INFO -  Compliance checks: training_4.1.0/closed_common.yaml
INFO -  Compliance checks: training_4.1.0/closed_bert.yaml
INFO - ------------------------------
INFO - Run 3/10
INFO - Running compliance on file: /data/training_v4.1/GigaComputing/results/G593-ZD1_pytorch/bert/result_2.txt
INFO -  Compliance checks: training_4.1.0/common.yaml
INFO -  Compliance checks: training_4.1.0/closed_common.yaml
INFO -  Compliance checks: training_4.1.0/closed_bert.yaml
INFO - ------------------------------
INFO - Run 4/10
INFO - Running compliance on file: /data/training_v4.1/GigaComputing/results/G593-ZD1_pytorch/bert/result_3.txt
INFO -  Compliance checks: training_4.1.0/common.yaml
INFO -  Compliance checks: training_4.1.0/closed_common.yaml
INFO -  Compliance checks: training_4.1.0/closed_bert.yaml
INFO - ------------------------------
INFO - Run 5/10
INFO - Running compliance on file: /data/training_v4.1/GigaComputing/results/G593-ZD1_pytorch/bert/result_4.txt
INFO -  Compliance checks: training_4.1.0/common.yaml
INFO -  Compliance checks: training_4.1.0/closed_common.yaml
INFO -  Compliance checks: training_4.1.0/closed_bert.yaml
INFO - ------------------------------
INFO - Run 6/10
INFO - Running compliance on file: /data/training_v4.1/GigaComputing/results/G593-ZD1_pytorch/bert/result_5.txt
INFO -  Compliance checks: training_4.1.0/common.yaml
INFO -  Compliance checks: training_4.1.0/closed_common.yaml
INFO -  Compliance checks: training_4.1.0/closed_bert.yaml
INFO - ------------------------------
INFO - Run 7/10
INFO - Running compliance on file: /data/training_v4.1/GigaComputing/results/G593-ZD1_pytorch/bert/result_6.txt
INFO -  Compliance checks: training_4.1.0/common.yaml
INFO -  Compliance checks: training_4.1.0/closed_common.yaml
INFO -  Compliance checks: training_4.1.0/closed_bert.yaml
INFO - ------------------------------
INFO - Run 8/10
INFO - Running compliance on file: /data/training_v4.1/GigaComputing/results/G593-ZD1_pytorch/bert/result_7.txt
INFO -  Compliance checks: training_4.1.0/common.yaml
INFO -  Compliance checks: training_4.1.0/closed_common.yaml
INFO -  Compliance checks: training_4.1.0/closed_bert.yaml
INFO - ------------------------------
INFO - Run 9/10
INFO - Running compliance on file: /data/training_v4.1/GigaComputing/results/G593-ZD1_pytorch/bert/result_8.txt
INFO -  Compliance checks: training_4.1.0/common.yaml
INFO -  Compliance checks: training_4.1.0/closed_common.yaml
INFO -  Compliance checks: training_4.1.0/closed_bert.yaml
INFO - ------------------------------
INFO - Run 10/10
INFO - Running compliance on file: /data/training_v4.1/GigaComputing/results/G593-ZD1_pytorch/bert/result_9.txt
INFO -  Compliance checks: training_4.1.0/common.yaml
INFO -  Compliance checks: training_4.1.0/closed_common.yaml
INFO -  Compliance checks: training_4.1.0/closed_bert.yaml
INFO - ------------------------------
INFO -  Running Seed Checker
INFO - ------------------------------
INFO -  Running RCP Checker, pass: pruned_rcps
INFO - ------------------------------
INFO -  RCP Record: {'Benchmark': 'bert', 'BS': 768, 'Hyperparams': {}, 'Epochs to converge': [], 'RCP Mean': 2443933.5384615385, 'RCP Stdev': 192282.57105342922, 'Max Speedup': 1.0594760978154003, 'Min Epochs': 2306737.776813311}
INFO -  Submission mean epochs: 2455222.0000
INFO - RCP Test Passed: RCP Interpolation
INFO - ------------------------------
INFO - ------------------------------
INFO -  Running compliance checks in dir /data/training_v4.1/GigaComputing/results/G593-ZD1_hugectr/dlrm_dcnv2
INFO -  System G593-ZD1_hugectr
INFO -  Benchmark dlrm_dcnv2
INFO - ------------------------------
WARNING - Detected 11 total files in directory /data/training_v4.1/GigaComputing/results/G593-ZD1_hugectr/dlrm_dcnv2, but some do not conform to naming convention, should you rename them to result_*.txt ?
WARNING - Unknown files in result directory: /data/training_v4.1/GigaComputing/results/G593-ZD1_hugectr/dlrm_dcnv2
INFO - ------------------------------
INFO - Run 1/10
INFO - Running compliance on file: /data/training_v4.1/GigaComputing/results/G593-ZD1_hugectr/dlrm_dcnv2/result_0.txt
INFO -  Compliance checks: training_4.1.0/common.yaml
INFO -  Compliance checks: training_4.1.0/closed_common.yaml
INFO -  Compliance checks: training_4.1.0/closed_dlrm_dcnv2.yaml
INFO - ------------------------------
INFO - Run 2/10
INFO - Running compliance on file: /data/training_v4.1/GigaComputing/results/G593-ZD1_hugectr/dlrm_dcnv2/result_1.txt
INFO -  Compliance checks: training_4.1.0/common.yaml
INFO -  Compliance checks: training_4.1.0/closed_common.yaml
INFO -  Compliance checks: training_4.1.0/closed_dlrm_dcnv2.yaml
INFO - ------------------------------
INFO - Run 3/10
INFO - Running compliance on file: /data/training_v4.1/GigaComputing/results/G593-ZD1_hugectr/dlrm_dcnv2/result_2.txt
INFO -  Compliance checks: training_4.1.0/common.yaml
INFO -  Compliance checks: training_4.1.0/closed_common.yaml
INFO -  Compliance checks: training_4.1.0/closed_dlrm_dcnv2.yaml
INFO - ------------------------------
INFO - Run 4/10
INFO - Running compliance on file: /data/training_v4.1/GigaComputing/results/G593-ZD1_hugectr/dlrm_dcnv2/result_3.txt
INFO -  Compliance checks: training_4.1.0/common.yaml
INFO -  Compliance checks: training_4.1.0/closed_common.yaml
INFO -  Compliance checks: training_4.1.0/closed_dlrm_dcnv2.yaml
INFO - ------------------------------
INFO - Run 5/10
INFO - Running compliance on file: /data/training_v4.1/GigaComputing/results/G593-ZD1_hugectr/dlrm_dcnv2/result_4.txt
INFO -  Compliance checks: training_4.1.0/common.yaml
INFO -  Compliance checks: training_4.1.0/closed_common.yaml
INFO -  Compliance checks: training_4.1.0/closed_dlrm_dcnv2.yaml
INFO - ------------------------------
INFO - Run 6/10
INFO - Running compliance on file: /data/training_v4.1/GigaComputing/results/G593-ZD1_hugectr/dlrm_dcnv2/result_5.txt
INFO -  Compliance checks: training_4.1.0/common.yaml
INFO -  Compliance checks: training_4.1.0/closed_common.yaml
INFO -  Compliance checks: training_4.1.0/closed_dlrm_dcnv2.yaml
INFO - ------------------------------
INFO - Run 7/10
INFO - Running compliance on file: /data/training_v4.1/GigaComputing/results/G593-ZD1_hugectr/dlrm_dcnv2/result_6.txt
INFO -  Compliance checks: training_4.1.0/common.yaml
INFO -  Compliance checks: training_4.1.0/closed_common.yaml
INFO -  Compliance checks: training_4.1.0/closed_dlrm_dcnv2.yaml
INFO - ------------------------------
INFO - Run 8/10
INFO - Running compliance on file: /data/training_v4.1/GigaComputing/results/G593-ZD1_hugectr/dlrm_dcnv2/result_7.txt
INFO -  Compliance checks: training_4.1.0/common.yaml
INFO -  Compliance checks: training_4.1.0/closed_common.yaml
INFO -  Compliance checks: training_4.1.0/closed_dlrm_dcnv2.yaml
INFO - ------------------------------
INFO - Run 9/10
INFO - Running compliance on file: /data/training_v4.1/GigaComputing/results/G593-ZD1_hugectr/dlrm_dcnv2/result_8.txt
INFO -  Compliance checks: training_4.1.0/common.yaml
INFO -  Compliance checks: training_4.1.0/closed_common.yaml
INFO -  Compliance checks: training_4.1.0/closed_dlrm_dcnv2.yaml
INFO - ------------------------------
INFO - Run 10/10
INFO - Running compliance on file: /data/training_v4.1/GigaComputing/results/G593-ZD1_hugectr/dlrm_dcnv2/result_9.txt
INFO -  Compliance checks: training_4.1.0/common.yaml
INFO -  Compliance checks: training_4.1.0/closed_common.yaml
INFO -  Compliance checks: training_4.1.0/closed_dlrm_dcnv2.yaml
INFO - ------------------------------
INFO -  Running Seed Checker
INFO - ------------------------------
INFO -  Running RCP Checker, pass: pruned_rcps
INFO - ------------------------------
INFO -  RCP Record: {'Benchmark': 'dlrm_dcnv2', 'BS': 55296, 'Hyperparams': {'opt_name': 'adagrad', 'opt_base_learning_rate': 0.004, 'opt_adagrad_learning_rate_decay': 0.0, 'opt_adagrad_initial_accumulator_value': 0.0, 'opt_adagrad_epsilon': 1e-08, 'opt_weight_decay': 0.0, 'opt_learning_rate_warmup_steps': 0, 'opt_learning_rate_decay_start_step': 0, 'opt_learning_rate_decay_steps': 0}, 'Epochs to converge': [0.7, 0.7, 0.7, 0.7, 0.7, 0.7, 0.7, 0.7, 0.7, 0.7, 0.75, 0.75, 0.75, 0.75, 0.75, 0.75, 0.75, 0.75, 0.75, 0.75, 0.75, 0.75, 0.75, 0.75, 0.75, 0.75, 0.75, 0.75, 0.75, 0.75, 0.75, 0.75, 0.75, 0.75, 0.75, 0.8, 0.8, 0.8, 0.8, 0.8, 0.8, 0.8, 0.8, 0.8, 0.8, 0.8, 0.9, 0.9, 0.9, 0.9], 'RCP Mean': 0.7614583333333332, 'RCP Stdev': 0.0517783738639985, 'Max Speedup': 1.0454980537298195, 'Min Epochs': 0.7283211390177406}
INFO -  Submission mean epochs: 0.7562
INFO -  Submission mean epochs faster than RCP mean but within max speedup range. Score should be normalized by factor of 0.7614583333333332 / 0.75625 = 1.0068870523415976
INFO -  Results scaling set to normalization factor of 1.0069
INFO - RCP Test Passed: RCP found
INFO - ------------------------------
INFO - ------------------------------
INFO -  Running compliance checks in dir /data/training_v4.1/GigaComputing/results/G593-ZD1_dgl/gnn
INFO -  System G593-ZD1_dgl
INFO -  Benchmark gnn
INFO - ------------------------------
INFO - ------------------------------
INFO - Run 1/10
INFO - Running compliance on file: /data/training_v4.1/GigaComputing/results/G593-ZD1_dgl/gnn/result_0.txt
INFO -  Compliance checks: training_4.1.0/common.yaml
INFO -  Compliance checks: training_4.1.0/closed_common.yaml
INFO -  Compliance checks: training_4.1.0/closed_gnn.yaml
INFO - ------------------------------
INFO - Run 2/10
INFO - Running compliance on file: /data/training_v4.1/GigaComputing/results/G593-ZD1_dgl/gnn/result_1.txt
INFO -  Compliance checks: training_4.1.0/common.yaml
INFO -  Compliance checks: training_4.1.0/closed_common.yaml
INFO -  Compliance checks: training_4.1.0/closed_gnn.yaml
INFO - ------------------------------
INFO - Run 3/10
INFO - Running compliance on file: /data/training_v4.1/GigaComputing/results/G593-ZD1_dgl/gnn/result_2.txt
INFO -  Compliance checks: training_4.1.0/common.yaml
INFO -  Compliance checks: training_4.1.0/closed_common.yaml
INFO -  Compliance checks: training_4.1.0/closed_gnn.yaml
INFO - ------------------------------
INFO - Run 4/10
INFO - Running compliance on file: /data/training_v4.1/GigaComputing/results/G593-ZD1_dgl/gnn/result_3.txt
INFO -  Compliance checks: training_4.1.0/common.yaml
INFO -  Compliance checks: training_4.1.0/closed_common.yaml
INFO -  Compliance checks: training_4.1.0/closed_gnn.yaml
INFO - ------------------------------
INFO - Run 5/10
INFO - Running compliance on file: /data/training_v4.1/GigaComputing/results/G593-ZD1_dgl/gnn/result_4.txt
INFO -  Compliance checks: training_4.1.0/common.yaml
INFO -  Compliance checks: training_4.1.0/closed_common.yaml
INFO -  Compliance checks: training_4.1.0/closed_gnn.yaml
INFO - ------------------------------
INFO - Run 6/10
INFO - Running compliance on file: /data/training_v4.1/GigaComputing/results/G593-ZD1_dgl/gnn/result_5.txt
INFO -  Compliance checks: training_4.1.0/common.yaml
INFO -  Compliance checks: training_4.1.0/closed_common.yaml
INFO -  Compliance checks: training_4.1.0/closed_gnn.yaml
INFO - ------------------------------
INFO - Run 7/10
INFO - Running compliance on file: /data/training_v4.1/GigaComputing/results/G593-ZD1_dgl/gnn/result_6.txt
INFO -  Compliance checks: training_4.1.0/common.yaml
INFO -  Compliance checks: training_4.1.0/closed_common.yaml
INFO -  Compliance checks: training_4.1.0/closed_gnn.yaml
INFO - ------------------------------
INFO - Run 8/10
INFO - Running compliance on file: /data/training_v4.1/GigaComputing/results/G593-ZD1_dgl/gnn/result_7.txt
INFO -  Compliance checks: training_4.1.0/common.yaml
INFO -  Compliance checks: training_4.1.0/closed_common.yaml
INFO -  Compliance checks: training_4.1.0/closed_gnn.yaml
INFO - ------------------------------
INFO - Run 9/10
INFO - Running compliance on file: /data/training_v4.1/GigaComputing/results/G593-ZD1_dgl/gnn/result_8.txt
INFO -  Compliance checks: training_4.1.0/common.yaml
INFO -  Compliance checks: training_4.1.0/closed_common.yaml
INFO -  Compliance checks: training_4.1.0/closed_gnn.yaml
INFO - ------------------------------
INFO - Run 10/10
INFO - Running compliance on file: /data/training_v4.1/GigaComputing/results/G593-ZD1_dgl/gnn/result_9.txt
INFO -  Compliance checks: training_4.1.0/common.yaml
INFO -  Compliance checks: training_4.1.0/closed_common.yaml
INFO -  Compliance checks: training_4.1.0/closed_gnn.yaml
INFO - ------------------------------
INFO -  Running Seed Checker
INFO - ------------------------------
INFO -  Running RCP Checker, pass: pruned_rcps
INFO - ------------------------------
INFO -  RCP Record: {'Benchmark': 'gnn', 'BS': 16384, 'Hyperparams': {}, 'Epochs to converge': [], 'RCP Mean': 0.8531746031746031, 'RCP Stdev': 0.033911649915626334, 'Max Speedup': 1.0291780520744997, 'Min Epochs': 0.8289863949730283}
INFO -  Submission mean epochs: 0.8875
INFO - RCP Test Passed: RCP Interpolation
INFO - ------------------------------
INFO - ------------------------------
INFO - PACKAGE CHECKER FOUND NO ERRORS, SUCCESS !
INFO - ------------------------------
